<?xml version="1.0" encoding="UTF-8"?>
<!-- Generated by org.testng.reporters.JUnitReportReporter -->
<testsuite skipped="0" hostname="SHERINE_MARTINA" name="testcase.Logintc" tests="1" failures="0" timestamp="2023-05-08T13:49:32 IST" time="9.402" errors="0">
  <testcase name="login" time="9.402" classname="testcase.Logintc"/>
</testsuite> <!-- testcase.Logintc -->
